#
# A fatal error has been detected by the Java Runtime Environment:
#
#  SIGSEGV (0xb) at pc=0x000000010da83af9, pid=15571, tid=7427
#
# JRE version: Java(TM) SE Runtime Environment (9.0+11) (build 9.0.1+11)
# Java VM: Java HotSpot(TM) 64-Bit Server VM (9.0.1+11, mixed mode, tiered, compressed oops, g1 gc, bsd-amd64)
# Problematic frame:
# V  [libjvm.dylib+0x683af9]
#
# No core dump will be written. Core dumps have been disabled. To enable core dumping, try "ulimit -c unlimited" before starting Java again
#
# If you would like to submit a bug report, please visit:
#   http://bugreport.java.com/bugreport/crash.jsp
#

---------------  S U M M A R Y ------------

Command Line: -agentlib:jdwp=transport=dt_socket,address=127.0.0.1:57439,suspend=y,server=n -javaagent:/Users/akashvelu/Library/Caches/IdeaIC2017.3/captureAgent/debugger-agent.jar=/private/var/folders/ww/sjvd42dd3pb8sf9lnsznkczh0000gn/T/capture.props -Dfile.encoding=UTF-8 Tester

Host: MacBookPro14,1 x86_64 2300 MHz, 4 cores, 8G, Darwin 16.7.0
Time: Sat May 26 22:10:15 2018 PDT elapsed time: 34894 seconds (0d 9h 41m 34s)

---------------  T H R E A D  ---------------

Current thread (0x00007fd3d8802800):  JavaThread "main" [_thread_in_vm, id=7427, stack(0x000070000c7ef000,0x000070000c8ef000)]

Stack: [0x000070000c7ef000,0x000070000c8ef000],  sp=0x000070000c8ee340,  free space=1020k
Native frames: (J=compiled Java code, A=aot compiled Java code, j=interpreted, Vv=VM code, C=native code)
V  [libjvm.dylib+0x683af9]
V  [libjvm.dylib+0x683e97]
V  [libjvm.dylib+0x2eb959]
V  [libjvm.dylib+0x39a644]
V  [libjvm.dylib+0x39ace7]
j  Solver.solve(Ljava/util/ArrayList;D[LOperator;Ljava/util/ArrayList;)Ljava/util/ArrayList;+27
j  Solver.solverHelper(DDLjava/util/ArrayList;[LOperator;Ljava/util/ArrayList;)Ljava/util/ArrayList;+199
j  Solver.solve(Ljava/util/ArrayList;D[LOperator;Ljava/util/ArrayList;)Ljava/util/ArrayList;+90
j  Solver.solverHelper(DDLjava/util/ArrayList;[LOperator;Ljava/util/ArrayList;)Ljava/util/ArrayList;+199
j  Solver.solve(Ljava/util/ArrayList;D[LOperator;Ljava/util/ArrayList;)Ljava/util/ArrayList;+90
j  Tester.main([Ljava/lang/String;)V+109
v  ~StubRoutines::call_stub
V  [libjvm.dylib+0x3a270d]
V  [libjvm.dylib+0x3dbb79]
V  [libjvm.dylib+0x3de527]
C  [java+0x4dfa]  JavaMain+0xb8d
C  [libsystem_pthread.dylib+0x393b]  _pthread_body+0xb4
C  [libsystem_pthread.dylib+0x3887]  _pthread_body+0x0
C  [libsystem_pthread.dylib+0x308d]  thread_start+0xd
C  0x0000000000000000

Java frames: (J=compiled Java code, j=interpreted, Vv=VM code)
j  Solver.solve(Ljava/util/ArrayList;D[LOperator;Ljava/util/ArrayList;)Ljava/util/ArrayList;+27
j  Solver.solverHelper(DDLjava/util/ArrayList;[LOperator;Ljava/util/ArrayList;)Ljava/util/ArrayList;+199
j  Solver.solve(Ljava/util/ArrayList;D[LOperator;Ljava/util/ArrayList;)Ljava/util/ArrayList;+90
j  Solver.solverHelper(DDLjava/util/ArrayList;[LOperator;Ljava/util/ArrayList;)Ljava/util/ArrayList;+199
j  Solver.solve(Ljava/util/ArrayList;D[LOperator;Ljava/util/ArrayList;)Ljava/util/ArrayList;+90
j  Tester.main([Ljava/lang/String;)V+109
v  ~StubRoutines::call_stub

siginfo: si_signo: 11 (SIGSEGV), si_code: 1 (SEGV_MAPERR), si_addr: 0x0000000000000006

Register to memory mapping:

RAX=0x0000000000000000 is an unknown value
RBX=0x000070000c8ee388 is pointing into the stack for thread: 0x00007fd3d8802800
RCX=0x0000000000000000 is an unknown value
RDX=0x000000012229d000 is an unknown value
RSP=0x000070000c8ee340 is pointing into the stack for thread: 0x00007fd3d8802800
RBP=0x000070000c8ee350 is pointing into the stack for thread: 0x00007fd3d8802800
RSI=0x0000000000000028 is an unknown value
RDI=0x000070000c8ee388 is pointing into the stack for thread: 0x00007fd3d8802800
R8 =0x0000000000000002 is an unknown value
R9 =0x0000000000000000 is an unknown value
R10=0x000000010dd4b150: _ZN19TemplateInterpreter13_active_tableE+0x4000 in /Library/Java/JavaVirtualMachines/jdk-9.0.1.jdk/Contents/Home/lib/server/libjvm.dylib at 0x000000010d400000
R11=0x0000000000000000 is an unknown value
R12=0x83072fc895190081 is an unknown value
R13=0x00000000000000b9 is an unknown value
R14=0x000070000c8ee388 is pointing into the stack for thread: 0x00007fd3d8802800
R15=0x000070000c8ee438 is pointing into the stack for thread: 0x00007fd3d8802800


Registers:
RAX=0x0000000000000000, RBX=0x000070000c8ee388, RCX=0x0000000000000000, RDX=0x000000012229d000
RSP=0x000070000c8ee340, RBP=0x000070000c8ee350, RSI=0x0000000000000028, RDI=0x000070000c8ee388
R8 =0x0000000000000002, R9 =0x0000000000000000, R10=0x000000010dd4b150, R11=0x0000000000000000
R12=0x83072fc895190081, R13=0x00000000000000b9, R14=0x000070000c8ee388, R15=0x000070000c8ee438
RIP=0x000000010da83af9, EFLAGS=0x0000000000010202, ERR=0x0000000000000004
  TRAPNO=0x000000000000000e

Top of Stack: (sp=0x000070000c8ee340)
0x000070000c8ee340:   000000010dce86a0 000070000c8ee388
0x000070000c8ee350:   000070000c8ee370 000000010da83e97
0x000070000c8ee360:   000000010dce86a0 000070000c8ee438
0x000070000c8ee370:   000070000c8ee3c0 000000010d6eb959
0x000070000c8ee380:   000070000c8ee3a0 000000010dce86a0
0x000070000c8ee390:   0000000000000000 0000000000000000
0x000070000c8ee3a0:   0000000000000063 0000000100000000
0x000070000c8ee3b0:   00007fd3d8802800 0000000000000000
0x000070000c8ee3c0:   000070000c8ee520 000000010d79a644
0x000070000c8ee3d0:   000000074793f5f8 000000000000003f
0x000070000c8ee3e0:   00000001222a8260 000000074793f5f8
0x000070000c8ee3f0:   000070000c8ee3f0 0000000115fc1c69
0x000070000c8ee400:   000070000c8ee460 0000000115fc2d90
0x000070000c8ee410:   0000000000000000 0000000747df54a8
0x000070000c8ee420:   0000000115fc1ca0 0000000000000000
0x000070000c8ee430:   000070000c8ee460 000070000c8ee558
0x000070000c8ee440:   00000001222d09d2 00000001222a5710
0x000070000c8ee450:   0000700000000000 000070000c8ee5a8
0x000070000c8ee460:   000070000c8ee558 0000000115f81403
0x000070000c8ee470:   00007000000000b9 0000000115f81560
0x000070000c8ee480:   00007fd3d8802800 0000000115f81560
0x000070000c8ee490:   00007fd3d8802800 0000000115f81560
0x000070000c8ee4a0:   00007fd3d6f014b0 00007fd3d6f015b0
0x000070000c8ee4b0:   00007fd3d6f015c0 00007fd3d6f01998
0x000070000c8ee4c0:   00000000000003d8 000000000000003f
0x000070000c8ee4d0:   000000074793f190 3fc5555555555555
0x000070000c8ee4e0:   0000000000000000 000000074793e3c8
0x000070000c8ee4f0:   83072fc895190081 00000000000000b9
0x000070000c8ee500:   0000000000000000 0000000115f81403
0x000070000c8ee510:   000070000c8ee610 00007fd3d8802800
0x000070000c8ee520:   000070000c8ee540 000000010d79ace7
0x000070000c8ee530:   00007fd3d8802800 00007fd3d8802800 

Instructions: (pc=0x000000010da83af9)
0x000000010da83ad9:   07 48 89 77 08 c7 47 14 00 00 00 00 5d c3 90 55
0x000000010da83ae9:   48 89 e5 53 50 48 89 fb 48 8b 4b 08 48 63 43 10
0x000000010da83af9:   0f b6 4c 01 06 40 0f b6 d6 39 d1 74 26 40 0f be
0x000000010da83b09:   ce 48 8d 3d d9 d2 14 00 48 8d 15 d7 d3 14 00 be 


---------------  P R O C E S S  ---------------

Java Threads: ( => current thread )
  0x00007fd3d8041000 JavaThread "Service Thread" daemon [_thread_blocked, id=26115, stack(0x000070000e037000,0x000070000e137000)]
  0x00007fd3d887e000 JavaThread "JDWP Event Helper Thread" daemon [_thread_blocked, id=25091, stack(0x000070000de31000,0x000070000df31000)]
  0x00007fd3d886a800 JavaThread "Common-Cleaner" daemon [_thread_blocked, id=24067, stack(0x000070000dc2b000,0x000070000dd2b000)]
  0x00007fd3d789a800 JavaThread "Sweeper thread" daemon [_thread_blocked, id=23555, stack(0x000070000db28000,0x000070000dc28000)]
  0x00007fd3d7030000 JavaThread "C1 CompilerThread2" daemon [_thread_blocked, id=23043, stack(0x000070000da25000,0x000070000db25000)]
  0x00007fd3d789a000 JavaThread "C2 CompilerThread1" daemon [_thread_blocked, id=22531, stack(0x000070000d922000,0x000070000da22000)]
  0x00007fd3d7897800 JavaThread "C2 CompilerThread0" daemon [_thread_blocked, id=22019, stack(0x000070000d81f000,0x000070000d91f000)]
  0x00007fd3d7013000 JavaThread "Signal Dispatcher" daemon [_thread_blocked, id=21507, stack(0x000070000d71c000,0x000070000d81c000)]
  0x00007fd3d8031000 JavaThread "Finalizer" daemon [_thread_blocked, id=17667, stack(0x000070000d619000,0x000070000d719000)]
  0x00007fd3d700d800 JavaThread "Reference Handler" daemon [_thread_blocked, id=17155, stack(0x000070000d516000,0x000070000d616000)]
=>0x00007fd3d8802800 JavaThread "main" [_thread_in_vm, id=7427, stack(0x000070000c7ef000,0x000070000c8ef000)]

Other Threads:
  0x00007fd3d803d800 VMThread "VM Thread" [stack: 0x000070000d413000,0x000070000d513000] [id=16643]
  0x00007fd3d7899000 WatcherThread [stack: 0x000070000e13a000,0x000070000e23a000] [id=26627]
  0x00007fd3d8813800 GCTaskThread "GC Thread#0" [stack: 0x000070000c8f2000,0x000070000c9f2000] [id=10499]
  0x00007fd3d8814000 GCTaskThread "GC Thread#1" [stack: 0x000070000c9f5000,0x000070000caf5000] [id=11011]
  0x00007fd3d8814800 GCTaskThread "GC Thread#2" [stack: 0x000070000caf8000,0x000070000cbf8000] [id=11523]
  0x00007fd3d8815800 GCTaskThread "GC Thread#3" [stack: 0x000070000cbfb000,0x000070000ccfb000] [id=12035]
  0x00007fd3d7827000 ConcurrentGCThread "G1 Main Marker" [stack: 0x000070000d20d000,0x000070000d30d000] [id=15107]
  0x00007fd3d7827800 ConcurrentGCThread "G1 Marker#0" [stack: 0x000070000d310000,0x000070000d410000] [id=16131]
  0x00007fd3d8818000 ConcurrentGCThread "G1 Refine#0" [stack: 0x000070000d007000,0x000070000d107000] [id=14083]
  0x00007fd3d8817800 ConcurrentGCThread "G1 Refine#1" [stack: 0x000070000cf04000,0x000070000d004000] [id=13571]
  0x00007fd3d8816800 ConcurrentGCThread "G1 Refine#2" [stack: 0x000070000ce01000,0x000070000cf01000] [id=13059]
  0x00007fd3d8816000 ConcurrentGCThread "G1 Refine#3" [stack: 0x000070000ccfe000,0x000070000cdfe000] [id=12547]
  0x00007fd3d7802000 ConcurrentGCThread "G1 Young RemSet Sampling" [stack: 0x000070000d10a000,0x000070000d20a000] [id=14595]

Threads with active compile tasks:

VM state:not at safepoint (normal execution)

VM Mutex/Monitor currently owned by a thread: None

Heap address: 0x0000000740000000, size: 2048 MB, Compressed Oops mode: Zero based, Oop shift amount: 3
Narrow klass base: 0x0000000000000000, Narrow klass shift: 3
Compressed class space size: 1073741824 Address: 0x00000007c0000000

Heap:
 garbage-first heap   total 131072K, used 6144K [0x0000000740000000, 0x0000000740100400, 0x00000007c0000000)
  region size 1024K, 7 young (7168K), 0 survivors (0K)
 Metaspace       used 5086K, capacity 5200K, committed 5376K, reserved 1056768K
  class space    used 446K, capacity 496K, committed 512K, reserved 1048576K
Heap Regions: E=young(eden), S=young(survivor), O=old, HS=humongous(starts), HC=humongous(continues), CS=collection set, F=free, A=archive, TS=gc time stamp, AC=allocation context, TAMS=top-at-mark-start (previous, next)
|   0|0x0000000740000000, 0x0000000740000000, 0x0000000740100000|  0%| F|  |TS  0|AC  0|TAMS 0x0000000740000000, 0x0000000740000000|
|   1|0x0000000740100000, 0x0000000740100000, 0x0000000740200000|  0%| F|  |TS  0|AC  0|TAMS 0x0000000740100000, 0x0000000740100000|
|   2|0x0000000740200000, 0x0000000740200000, 0x0000000740300000|  0%| F|  |TS  0|AC  0|TAMS 0x0000000740200000, 0x0000000740200000|
|   3|0x0000000740300000, 0x0000000740300000, 0x0000000740400000|  0%| F|  |TS  0|AC  0|TAMS 0x0000000740300000, 0x0000000740300000|
|   4|0x0000000740400000, 0x0000000740400000, 0x0000000740500000|  0%| F|  |TS  0|AC  0|TAMS 0x0000000740400000, 0x0000000740400000|
|   5|0x0000000740500000, 0x0000000740500000, 0x0000000740600000|  0%| F|  |TS  0|AC  0|TAMS 0x0000000740500000, 0x0000000740500000|
|   6|0x0000000740600000, 0x0000000740600000, 0x0000000740700000|  0%| F|  |TS  0|AC  0|TAMS 0x0000000740600000, 0x0000000740600000|
|   7|0x0000000740700000, 0x0000000740700000, 0x0000000740800000|  0%| F|  |TS  0|AC  0|TAMS 0x0000000740700000, 0x0000000740700000|
|   8|0x0000000740800000, 0x0000000740800000, 0x0000000740900000|  0%| F|  |TS  0|AC  0|TAMS 0x0000000740800000, 0x0000000740800000|
|   9|0x0000000740900000, 0x0000000740900000, 0x0000000740a00000|  0%| F|  |TS  0|AC  0|TAMS 0x0000000740900000, 0x0000000740900000|
|  10|0x0000000740a00000, 0x0000000740a00000, 0x0000000740b00000|  0%| F|  |TS  0|AC  0|TAMS 0x0000000740a00000, 0x0000000740a00000|
|  11|0x0000000740b00000, 0x0000000740b00000, 0x0000000740c00000|  0%| F|  |TS  0|AC  0|TAMS 0x0000000740b00000, 0x0000000740b00000|
|  12|0x0000000740c00000, 0x0000000740c00000, 0x0000000740d00000|  0%| F|  |TS  0|AC  0|TAMS 0x0000000740c00000, 0x0000000740c00000|
|  13|0x0000000740d00000, 0x0000000740d00000, 0x0000000740e00000|  0%| F|  |TS  0|AC  0|TAMS 0x0000000740d00000, 0x0000000740d00000|
|  14|0x0000000740e00000, 0x0000000740e00000, 0x0000000740f00000|  0%| F|  |TS  0|AC  0|TAMS 0x0000000740e00000, 0x0000000740e00000|
|  15|0x0000000740f00000, 0x0000000740f00000, 0x0000000741000000|  0%| F|  |TS  0|AC  0|TAMS 0x0000000740f00000, 0x0000000740f00000|
|  16|0x0000000741000000, 0x0000000741000000, 0x0000000741100000|  0%| F|  |TS  0|AC  0|TAMS 0x0000000741000000, 0x0000000741000000|
|  17|0x0000000741100000, 0x0000000741100000, 0x0000000741200000|  0%| F|  |TS  0|AC  0|TAMS 0x0000000741100000, 0x0000000741100000|
|  18|0x0000000741200000, 0x0000000741200000, 0x0000000741300000|  0%| F|  |TS  0|AC  0|TAMS 0x0000000741200000, 0x0000000741200000|
|  19|0x0000000741300000, 0x0000000741300000, 0x0000000741400000|  0%| F|  |TS  0|AC  0|TAMS 0x0000000741300000, 0x0000000741300000|
|  20|0x0000000741400000, 0x0000000741400000, 0x0000000741500000|  0%| F|  |TS  0|AC  0|TAMS 0x0000000741400000, 0x0000000741400000|
|  21|0x0000000741500000, 0x0000000741500000, 0x0000000741600000|  0%| F|  |TS  0|AC  0|TAMS 0x0000000741500000, 0x0000000741500000|
|  22|0x0000000741600000, 0x0000000741600000, 0x0000000741700000|  0%| F|  |TS  0|AC  0|TAMS 0x0000000741600000, 0x0000000741600000|
|  23|0x0000000741700000, 0x0000000741700000, 0x0000000741800000|  0%| F|  |TS  0|AC  0|TAMS 0x0000000741700000, 0x0000000741700000|
|  24|0x0000000741800000, 0x0000000741800000, 0x0000000741900000|  0%| F|  |TS  0|AC  0|TAMS 0x0000000741800000, 0x0000000741800000|
|  25|0x0000000741900000, 0x0000000741900000, 0x0000000741a00000|  0%| F|  |TS  0|AC  0|TAMS 0x0000000741900000, 0x0000000741900000|
|  26|0x0000000741a00000, 0x0000000741a00000, 0x0000000741b00000|  0%| F|  |TS  0|AC  0|TAMS 0x0000000741a00000, 0x0000000741a00000|
|  27|0x0000000741b00000, 0x0000000741b00000, 0x0000000741c00000|  0%| F|  |TS  0|AC  0|TAMS 0x0000000741b00000, 0x0000000741b00000|
|  28|0x0000000741c00000, 0x0000000741c00000, 0x0000000741d00000|  0%| F|  |TS  0|AC  0|TAMS 0x0000000741c00000, 0x0000000741c00000|
|  29|0x0000000741d00000, 0x0000000741d00000, 0x0000000741e00000|  0%| F|  |TS  0|AC  0|TAMS 0x0000000741d00000, 0x0000000741d00000|
|  30|0x0000000741e00000, 0x0000000741e00000, 0x0000000741f00000|  0%| F|  |TS  0|AC  0|TAMS 0x0000000741e00000, 0x0000000741e00000|
|  31|0x0000000741f00000, 0x0000000741f00000, 0x0000000742000000|  0%| F|  |TS  0|AC  0|TAMS 0x0000000741f00000, 0x0000000741f00000|
|  32|0x0000000742000000, 0x0000000742000000, 0x0000000742100000|  0%| F|  |TS  0|AC  0|TAMS 0x0000000742000000, 0x0000000742000000|
|  33|0x0000000742100000, 0x0000000742100000, 0x0000000742200000|  0%| F|  |TS  0|AC  0|TAMS 0x0000000742100000, 0x0000000742100000|
|  34|0x0000000742200000, 0x0000000742200000, 0x0000000742300000|  0%| F|  |TS  0|AC  0|TAMS 0x0000000742200000, 0x0000000742200000|
|  35|0x0000000742300000, 0x0000000742300000, 0x0000000742400000|  0%| F|  |TS  0|AC  0|TAMS 0x0000000742300000, 0x0000000742300000|
|  36|0x0000000742400000, 0x0000000742400000, 0x0000000742500000|  0%| F|  |TS  0|AC  0|TAMS 0x0000000742400000, 0x0000000742400000|
|  37|0x0000000742500000, 0x0000000742500000, 0x0000000742600000|  0%| F|  |TS  0|AC  0|TAMS 0x0000000742500000, 0x0000000742500000|
|  38|0x0000000742600000, 0x0000000742600000, 0x0000000742700000|  0%| F|  |TS  0|AC  0|TAMS 0x0000000742600000, 0x0000000742600000|
|  39|0x0000000742700000, 0x0000000742700000, 0x0000000742800000|  0%| F|  |TS  0|AC  0|TAMS 0x0000000742700000, 0x0000000742700000|
|  40|0x0000000742800000, 0x0000000742800000, 0x0000000742900000|  0%| F|  |TS  0|AC  0|TAMS 0x0000000742800000, 0x0000000742800000|
|  41|0x0000000742900000, 0x0000000742900000, 0x0000000742a00000|  0%| F|  |TS  0|AC  0|TAMS 0x0000000742900000, 0x0000000742900000|
|  42|0x0000000742a00000, 0x0000000742a00000, 0x0000000742b00000|  0%| F|  |TS  0|AC  0|TAMS 0x0000000742a00000, 0x0000000742a00000|
|  43|0x0000000742b00000, 0x0000000742b00000, 0x0000000742c00000|  0%| F|  |TS  0|AC  0|TAMS 0x0000000742b00000, 0x0000000742b00000|
|  44|0x0000000742c00000, 0x0000000742c00000, 0x0000000742d00000|  0%| F|  |TS  0|AC  0|TAMS 0x0000000742c00000, 0x0000000742c00000|
|  45|0x0000000742d00000, 0x0000000742d00000, 0x0000000742e00000|  0%| F|  |TS  0|AC  0|TAMS 0x0000000742d00000, 0x0000000742d00000|
|  46|0x0000000742e00000, 0x0000000742e00000, 0x0000000742f00000|  0%| F|  |TS  0|AC  0|TAMS 0x0000000742e00000, 0x0000000742e00000|
|  47|0x0000000742f00000, 0x0000000742f00000, 0x0000000743000000|  0%| F|  |TS  0|AC  0|TAMS 0x0000000742f00000, 0x0000000742f00000|
|  48|0x0000000743000000, 0x0000000743000000, 0x0000000743100000|  0%| F|  |TS  0|AC  0|TAMS 0x0000000743000000, 0x0000000743000000|
|  49|0x0000000743100000, 0x0000000743100000, 0x0000000743200000|  0%| F|  |TS  0|AC  0|TAMS 0x0000000743100000, 0x0000000743100000|
|  50|0x0000000743200000, 0x0000000743200000, 0x0000000743300000|  0%| F|  |TS  0|AC  0|TAMS 0x0000000743200000, 0x0000000743200000|
|  51|0x0000000743300000, 0x0000000743300000, 0x0000000743400000|  0%| F|  |TS  0|AC  0|TAMS 0x0000000743300000, 0x0000000743300000|
|  52|0x0000000743400000, 0x0000000743400000, 0x0000000743500000|  0%| F|  |TS  0|AC  0|TAMS 0x0000000743400000, 0x0000000743400000|
|  53|0x0000000743500000, 0x0000000743500000, 0x0000000743600000|  0%| F|  |TS  0|AC  0|TAMS 0x0000000743500000, 0x0000000743500000|
|  54|0x0000000743600000, 0x0000000743600000, 0x0000000743700000|  0%| F|  |TS  0|AC  0|TAMS 0x0000000743600000, 0x0000000743600000|
|  55|0x0000000743700000, 0x0000000743700000, 0x0000000743800000|  0%| F|  |TS  0|AC  0|TAMS 0x0000000743700000, 0x0000000743700000|
|  56|0x0000000743800000, 0x0000000743800000, 0x0000000743900000|  0%| F|  |TS  0|AC  0|TAMS 0x0000000743800000, 0x0000000743800000|
|  57|0x0000000743900000, 0x0000000743900000, 0x0000000743a00000|  0%| F|  |TS  0|AC  0|TAMS 0x0000000743900000, 0x0000000743900000|
|  58|0x0000000743a00000, 0x0000000743a00000, 0x0000000743b00000|  0%| F|  |TS  0|AC  0|TAMS 0x0000000743a00000, 0x0000000743a00000|
|  59|0x0000000743b00000, 0x0000000743b00000, 0x0000000743c00000|  0%| F|  |TS  0|AC  0|TAMS 0x0000000743b00000, 0x0000000743b00000|
|  60|0x0000000743c00000, 0x0000000743c00000, 0x0000000743d00000|  0%| F|  |TS  0|AC  0|TAMS 0x0000000743c00000, 0x0000000743c00000|
|  61|0x0000000743d00000, 0x0000000743d00000, 0x0000000743e00000|  0%| F|  |TS  0|AC  0|TAMS 0x0000000743d00000, 0x0000000743d00000|
|  62|0x0000000743e00000, 0x0000000743e00000, 0x0000000743f00000|  0%| F|  |TS  0|AC  0|TAMS 0x0000000743e00000, 0x0000000743e00000|
|  63|0x0000000743f00000, 0x0000000743f00000, 0x0000000744000000|  0%| F|  |TS  0|AC  0|TAMS 0x0000000743f00000, 0x0000000743f00000|
|  64|0x0000000744000000, 0x0000000744000000, 0x0000000744100000|  0%| F|  |TS  0|AC  0|TAMS 0x0000000744000000, 0x0000000744000000|
|  65|0x0000000744100000, 0x0000000744100000, 0x0000000744200000|  0%| F|  |TS  0|AC  0|TAMS 0x0000000744100000, 0x0000000744100000|
|  66|0x0000000744200000, 0x0000000744200000, 0x0000000744300000|  0%| F|  |TS  0|AC  0|TAMS 0x0000000744200000, 0x0000000744200000|
|  67|0x0000000744300000, 0x0000000744300000, 0x0000000744400000|  0%| F|  |TS  0|AC  0|TAMS 0x0000000744300000, 0x0000000744300000|
|  68|0x0000000744400000, 0x0000000744400000, 0x0000000744500000|  0%| F|  |TS  0|AC  0|TAMS 0x0000000744400000, 0x0000000744400000|
|  69|0x0000000744500000, 0x0000000744500000, 0x0000000744600000|  0%| F|  |TS  0|AC  0|TAMS 0x0000000744500000, 0x0000000744500000|
|  70|0x0000000744600000, 0x0000000744600000, 0x0000000744700000|  0%| F|  |TS  0|AC  0|TAMS 0x0000000744600000, 0x0000000744600000|
|  71|0x0000000744700000, 0x0000000744700000, 0x0000000744800000|  0%| F|  |TS  0|AC  0|TAMS 0x0000000744700000, 0x0000000744700000|
|  72|0x0000000744800000, 0x0000000744800000, 0x0000000744900000|  0%| F|  |TS  0|AC  0|TAMS 0x0000000744800000, 0x0000000744800000|
|  73|0x0000000744900000, 0x0000000744900000, 0x0000000744a00000|  0%| F|  |TS  0|AC  0|TAMS 0x0000000744900000, 0x0000000744900000|
|  74|0x0000000744a00000, 0x0000000744a00000, 0x0000000744b00000|  0%| F|  |TS  0|AC  0|TAMS 0x0000000744a00000, 0x0000000744a00000|
|  75|0x0000000744b00000, 0x0000000744b00000, 0x0000000744c00000|  0%| F|  |TS  0|AC  0|TAMS 0x0000000744b00000, 0x0000000744b00000|
|  76|0x0000000744c00000, 0x0000000744c00000, 0x0000000744d00000|  0%| F|  |TS  0|AC  0|TAMS 0x0000000744c00000, 0x0000000744c00000|
|  77|0x0000000744d00000, 0x0000000744d00000, 0x0000000744e00000|  0%| F|  |TS  0|AC  0|TAMS 0x0000000744d00000, 0x0000000744d00000|
|  78|0x0000000744e00000, 0x0000000744e00000, 0x0000000744f00000|  0%| F|  |TS  0|AC  0|TAMS 0x0000000744e00000, 0x0000000744e00000|
|  79|0x0000000744f00000, 0x0000000744f00000, 0x0000000745000000|  0%| F|  |TS  0|AC  0|TAMS 0x0000000744f00000, 0x0000000744f00000|
|  80|0x0000000745000000, 0x0000000745000000, 0x0000000745100000|  0%| F|  |TS  0|AC  0|TAMS 0x0000000745000000, 0x0000000745000000|
|  81|0x0000000745100000, 0x0000000745100000, 0x0000000745200000|  0%| F|  |TS  0|AC  0|TAMS 0x0000000745100000, 0x0000000745100000|
|  82|0x0000000745200000, 0x0000000745200000, 0x0000000745300000|  0%| F|  |TS  0|AC  0|TAMS 0x0000000745200000, 0x0000000745200000|
|  83|0x0000000745300000, 0x0000000745300000, 0x0000000745400000|  0%| F|  |TS  0|AC  0|TAMS 0x0000000745300000, 0x0000000745300000|
|  84|0x0000000745400000, 0x0000000745400000, 0x0000000745500000|  0%| F|  |TS  0|AC  0|TAMS 0x0000000745400000, 0x0000000745400000|
|  85|0x0000000745500000, 0x0000000745500000, 0x0000000745600000|  0%| F|  |TS  0|AC  0|TAMS 0x0000000745500000, 0x0000000745500000|
|  86|0x0000000745600000, 0x0000000745600000, 0x0000000745700000|  0%| F|  |TS  0|AC  0|TAMS 0x0000000745600000, 0x0000000745600000|
|  87|0x0000000745700000, 0x0000000745700000, 0x0000000745800000|  0%| F|  |TS  0|AC  0|TAMS 0x0000000745700000, 0x0000000745700000|
|  88|0x0000000745800000, 0x0000000745800000, 0x0000000745900000|  0%| F|  |TS  0|AC  0|TAMS 0x0000000745800000, 0x0000000745800000|
|  89|0x0000000745900000, 0x0000000745900000, 0x0000000745a00000|  0%| F|  |TS  0|AC  0|TAMS 0x0000000745900000, 0x0000000745900000|
|  90|0x0000000745a00000, 0x0000000745a00000, 0x0000000745b00000|  0%| F|  |TS  0|AC  0|TAMS 0x0000000745a00000, 0x0000000745a00000|
|  91|0x0000000745b00000, 0x0000000745b00000, 0x0000000745c00000|  0%| F|  |TS  0|AC  0|TAMS 0x0000000745b00000, 0x0000000745b00000|
|  92|0x0000000745c00000, 0x0000000745c00000, 0x0000000745d00000|  0%| F|  |TS  0|AC  0|TAMS 0x0000000745c00000, 0x0000000745c00000|
|  93|0x0000000745d00000, 0x0000000745d00000, 0x0000000745e00000|  0%| F|  |TS  0|AC  0|TAMS 0x0000000745d00000, 0x0000000745d00000|
|  94|0x0000000745e00000, 0x0000000745e00000, 0x0000000745f00000|  0%| F|  |TS  0|AC  0|TAMS 0x0000000745e00000, 0x0000000745e00000|
|  95|0x0000000745f00000, 0x0000000745f00000, 0x0000000746000000|  0%| F|  |TS  0|AC  0|TAMS 0x0000000745f00000, 0x0000000745f00000|
|  96|0x0000000746000000, 0x0000000746000000, 0x0000000746100000|  0%| F|  |TS  0|AC  0|TAMS 0x0000000746000000, 0x0000000746000000|
|  97|0x0000000746100000, 0x0000000746100000, 0x0000000746200000|  0%| F|  |TS  0|AC  0|TAMS 0x0000000746100000, 0x0000000746100000|
|  98|0x0000000746200000, 0x0000000746200000, 0x0000000746300000|  0%| F|  |TS  0|AC  0|TAMS 0x0000000746200000, 0x0000000746200000|
|  99|0x0000000746300000, 0x0000000746300000, 0x0000000746400000|  0%| F|  |TS  0|AC  0|TAMS 0x0000000746300000, 0x0000000746300000|
| 100|0x0000000746400000, 0x0000000746400000, 0x0000000746500000|  0%| F|  |TS  0|AC  0|TAMS 0x0000000746400000, 0x0000000746400000|
| 101|0x0000000746500000, 0x0000000746500000, 0x0000000746600000|  0%| F|  |TS  0|AC  0|TAMS 0x0000000746500000, 0x0000000746500000|
| 102|0x0000000746600000, 0x0000000746600000, 0x0000000746700000|  0%| F|  |TS  0|AC  0|TAMS 0x0000000746600000, 0x0000000746600000|
| 103|0x0000000746700000, 0x0000000746700000, 0x0000000746800000|  0%| F|  |TS  0|AC  0|TAMS 0x0000000746700000, 0x0000000746700000|
| 104|0x0000000746800000, 0x0000000746800000, 0x0000000746900000|  0%| F|  |TS  0|AC  0|TAMS 0x0000000746800000, 0x0000000746800000|
| 105|0x0000000746900000, 0x0000000746900000, 0x0000000746a00000|  0%| F|  |TS  0|AC  0|TAMS 0x0000000746900000, 0x0000000746900000|
| 106|0x0000000746a00000, 0x0000000746a00000, 0x0000000746b00000|  0%| F|  |TS  0|AC  0|TAMS 0x0000000746a00000, 0x0000000746a00000|
| 107|0x0000000746b00000, 0x0000000746b00000, 0x0000000746c00000|  0%| F|  |TS  0|AC  0|TAMS 0x0000000746b00000, 0x0000000746b00000|
| 108|0x0000000746c00000, 0x0000000746c00000, 0x0000000746d00000|  0%| F|  |TS  0|AC  0|TAMS 0x0000000746c00000, 0x0000000746c00000|
| 109|0x0000000746d00000, 0x0000000746d00000, 0x0000000746e00000|  0%| F|  |TS  0|AC  0|TAMS 0x0000000746d00000, 0x0000000746d00000|
| 110|0x0000000746e00000, 0x0000000746e00000, 0x0000000746f00000|  0%| F|  |TS  0|AC  0|TAMS 0x0000000746e00000, 0x0000000746e00000|
| 111|0x0000000746f00000, 0x0000000746f00000, 0x0000000747000000|  0%| F|  |TS  0|AC  0|TAMS 0x0000000746f00000, 0x0000000746f00000|
| 112|0x0000000747000000, 0x0000000747000000, 0x0000000747100000|  0%| F|  |TS  0|AC  0|TAMS 0x0000000747000000, 0x0000000747000000|
| 113|0x0000000747100000, 0x0000000747100000, 0x0000000747200000|  0%| F|  |TS  0|AC  0|TAMS 0x0000000747100000, 0x0000000747100000|
| 114|0x0000000747200000, 0x0000000747200000, 0x0000000747300000|  0%| F|  |TS  0|AC  0|TAMS 0x0000000747200000, 0x0000000747200000|
| 115|0x0000000747300000, 0x0000000747300000, 0x0000000747400000|  0%| F|  |TS  0|AC  0|TAMS 0x0000000747300000, 0x0000000747300000|
| 116|0x0000000747400000, 0x0000000747400000, 0x0000000747500000|  0%| F|  |TS  0|AC  0|TAMS 0x0000000747400000, 0x0000000747400000|
| 117|0x0000000747500000, 0x0000000747500000, 0x0000000747600000|  0%| F|  |TS  0|AC  0|TAMS 0x0000000747500000, 0x0000000747500000|
| 118|0x0000000747600000, 0x0000000747600000, 0x0000000747700000|  0%| F|  |TS  0|AC  0|TAMS 0x0000000747600000, 0x0000000747600000|
| 119|0x0000000747700000, 0x0000000747700000, 0x0000000747800000|  0%| F|  |TS  0|AC  0|TAMS 0x0000000747700000, 0x0000000747700000|
| 120|0x0000000747800000, 0x0000000747800000, 0x0000000747900000|  0%| F|  |TS  0|AC  0|TAMS 0x0000000747800000, 0x0000000747800000|
| 121|0x0000000747900000, 0x00000007479482f8, 0x0000000747a00000| 28%| E|  |TS  0|AC  0|TAMS 0x0000000747900000, 0x0000000747900000|
| 122|0x0000000747a00000, 0x0000000747b00000, 0x0000000747b00000|100%| E|CS|TS  0|AC  0|TAMS 0x0000000747a00000, 0x0000000747a00000|
| 123|0x0000000747b00000, 0x0000000747c00000, 0x0000000747c00000|100%| E|CS|TS  0|AC  0|TAMS 0x0000000747b00000, 0x0000000747b00000|
| 124|0x0000000747c00000, 0x0000000747d00000, 0x0000000747d00000|100%| E|CS|TS  0|AC  0|TAMS 0x0000000747c00000, 0x0000000747c00000|
| 125|0x0000000747d00000, 0x0000000747e00000, 0x0000000747e00000|100%| E|CS|TS  0|AC  0|TAMS 0x0000000747d00000, 0x0000000747d00000|
| 126|0x0000000747e00000, 0x0000000747f00000, 0x0000000747f00000|100%| E|CS|TS  0|AC  0|TAMS 0x0000000747e00000, 0x0000000747e00000|
| 127|0x0000000747f00000, 0x0000000748000000, 0x0000000748000000|100%| E|CS|TS  0|AC  0|TAMS 0x0000000747f00000, 0x0000000747f00000|

Card table byte_map: [0x000000010ee78000,0x000000010f278000] byte_map_base: 0x000000010b478000

Marking Bits (Prev, Next): (CMBitMap*) 0x00007fd3d7826470, (CMBitMap*) 0x00007fd3d78264a8
 Prev Bits: [0x000000010f678000, 0x0000000111678000)
 Next Bits: [0x0000000111678000, 0x0000000113678000)

Polling page: 0x000000010cb4d000

CodeHeap 'non-profiled nmethods': size=120032Kb used=109Kb max_used=109Kb free=119922Kb
 bounds [0x0000000129d65000, 0x0000000129fd5000, 0x000000013129d000]
CodeHeap 'profiled nmethods': size=120032Kb used=271Kb max_used=327Kb free=119760Kb
 bounds [0x000000012282d000, 0x0000000122a9d000, 0x0000000129d65000]
CodeHeap 'non-nmethods': size=5696Kb used=1156Kb max_used=1170Kb free=4539Kb
 bounds [0x000000012229d000, 0x000000012250d000, 0x000000012282d000]
 total_blobs=656 nmethods=233 adapters=212
 compilation: enabled

Compilation events (10 events):
Event: 26.229 Thread 0x00007fd3d7897800  256       4       java.lang.Double::equals (34 bytes)
Event: 26.231 Thread 0x00007fd3d7897800 nmethod 256 0x0000000129d7e110 code [0x0000000129d7e2a0, 0x0000000129d7e378]
Event: 26.392 Thread 0x00007fd3d7030000  257       3       java.lang.StringBuilder::<init> (7 bytes)
Event: 26.392 Thread 0x00007fd3d7030000 nmethod 257 0x000000012283d990 code [0x000000012283db40, 0x000000012283dce8]
Event: 26.637 Thread 0x00007fd3d789a000  258       4       java.lang.String::valueOf (14 bytes)
Event: 26.665 Thread 0x00007fd3d789a000 nmethod 258 0x0000000129d7e410 code [0x0000000129d7e640, 0x0000000129d7f148]
Event: 27.994 Thread 0x00007fd3d7897800  259       4       java.util.ArrayList::remove (77 bytes)
Event: 28.006 Thread 0x00007fd3d7897800 nmethod 259 0x0000000129d7fa10 code [0x0000000129d7fbe0, 0x0000000129d802d8]
Event: 29.105 Thread 0x00007fd3d7030000  260       3       java.util.ArrayList::<init> (67 bytes)
Event: 29.105 Thread 0x00007fd3d7030000 nmethod 260 0x0000000122862190 code [0x00000001228623a0, 0x00000001228629b8]

GC Heap History (0 events):
No events

Deoptimization events (1 events):
Event: 29.049 Thread 0x00007fd3d8802800 Uncommon trap: reason=unstable_if action=reinterpret pc=0x0000000129d76ee8 method=java.util.ArrayList.<init>(Ljava/util/Collection;)V @ 24 c2

Classes redefined (10 events):
Event: 859.398 Thread 0x00007fd3d803d800 redefined class name=Solver, count=3
Event: 935.771 Thread 0x00007fd3d803d800 redefined class name=Tester, count=1
Event: 20798.933 Thread 0x00007fd3d803d800 redefined class name=Tester, count=2
Event: 20809.951 Thread 0x00007fd3d803d800 redefined class name=Tester, count=3
Event: 21673.179 Thread 0x00007fd3d803d800 redefined class name=Tester, count=4
Event: 21727.604 Thread 0x00007fd3d803d800 redefined class name=Tester, count=5
Event: 32032.745 Thread 0x00007fd3d803d800 redefined class name=Tester, count=6
Event: 32032.746 Thread 0x00007fd3d803d800 redefined class name=Solver, count=4
Event: 32085.652 Thread 0x00007fd3d803d800 redefined class name=Tester, count=7
Event: 32100.136 Thread 0x00007fd3d803d800 redefined class name=Tester, count=8

Internal exceptions (0 events):
No events

Events (10 events):
Event: 33034.981 Executing VM operation: ChangeBreakpoints done
Event: 33041.465 Executing VM operation: ChangeBreakpoints
Event: 33041.466 Executing VM operation: ChangeBreakpoints done
Event: 34894.856 Executing VM operation: ChangeBreakpoints
Event: 34894.858 Executing VM operation: ChangeBreakpoints done
Event: 34894.858 Thread 0x00007fd3d8040000 Thread exited: 0x00007fd3d8040000
Event: 34894.859 Executing VM operation: ChangeBreakpoints
Event: 34894.859 Executing VM operation: ChangeBreakpoints done
Event: 34894.859 Executing VM operation: ChangeBreakpoints
Event: 34894.859 Executing VM operation: ChangeBreakpoints done


Dynamic libraries:
0x00007fff9e839000 	/System/Library/Frameworks/Cocoa.framework/Versions/A/Cocoa
0x00007fffa50dd000 	/System/Library/Frameworks/Security.framework/Versions/A/Security
0x00007fff9d6f2000 	/System/Library/Frameworks/ApplicationServices.framework/Versions/A/ApplicationServices
0x00007fffb44e5000 	/usr/lib/libz.1.dylib
0x00007fffb3038000 	/usr/lib/libSystem.B.dylib
0x00007fff9edcf000 	/System/Library/Frameworks/CoreFoundation.framework/Versions/A/CoreFoundation
0x00007fffa0847000 	/System/Library/Frameworks/Foundation.framework/Versions/C/Foundation
0x00007fffb3ce6000 	/usr/lib/libobjc.A.dylib
0x00007fff9c907000 	/System/Library/Frameworks/AppKit.framework/Versions/C/AppKit
0x00007fff9ea25000 	/System/Library/Frameworks/CoreData.framework/Versions/A/CoreData
0x00007fffafabd000 	/System/Library/PrivateFrameworks/RemoteViewServices.framework/Versions/A/RemoteViewServices
0x00007fffb1aa8000 	/System/Library/PrivateFrameworks/UIFoundation.framework/Versions/A/UIFoundation
0x00007fffaae5d000 	/System/Library/PrivateFrameworks/DFRFoundation.framework/Versions/A/DFRFoundation
0x00007fffb3629000 	/usr/lib/libenergytrace.dylib
0x00007fffb08ea000 	/System/Library/PrivateFrameworks/SkyLight.framework/Versions/A/SkyLight
0x00007fff9f269000 	/System/Library/Frameworks/CoreGraphics.framework/Versions/A/CoreGraphics
0x00007fffb3033000 	/usr/lib/libScreenReader.dylib
0x00007fff9b929000 	/System/Library/Frameworks/Accelerate.framework/Versions/A/Accelerate
0x00007fffa0e45000 	/System/Library/Frameworks/IOSurface.framework/Versions/A/IOSurface
0x00007fff9dc15000 	/System/Library/Frameworks/AudioToolbox.framework/Versions/A/AudioToolbox
0x00007fff9de22000 	/System/Library/Frameworks/AudioUnit.framework/Versions/A/AudioUnit
0x00007fffaaea2000 	/System/Library/PrivateFrameworks/DataDetectorsCore.framework/Versions/A/DataDetectorsCore
0x00007fffaaf93000 	/System/Library/PrivateFrameworks/DesktopServicesPriv.framework/Versions/A/DesktopServicesPriv
0x00007fff9e386000 	/System/Library/Frameworks/Carbon.framework/Versions/A/Frameworks/HIToolbox.framework/Versions/A/HIToolbox
0x00007fffb3732000 	/usr/lib/libicucore.A.dylib
0x00007fffa4974000 	/System/Library/Frameworks/QuartzCore.framework/Versions/A/QuartzCore
0x00007fff9e752000 	/System/Library/Frameworks/Carbon.framework/Versions/A/Frameworks/SpeechRecognition.framework/Versions/A/SpeechRecognition
0x00007fffb3151000 	/usr/lib/libauto.dylib
0x00007fffb43cb000 	/usr/lib/libxml2.2.dylib
0x00007fffaab17000 	/System/Library/PrivateFrameworks/CoreUI.framework/Versions/A/CoreUI
0x00007fff9e983000 	/System/Library/Frameworks/CoreAudio.framework/Versions/A/CoreAudio
0x00007fffa06b0000 	/System/Library/Frameworks/DiskArbitration.framework/Versions/A/DiskArbitration
0x00007fffb395d000 	/usr/lib/liblangid.dylib
0x00007fffae9a4000 	/System/Library/PrivateFrameworks/MultitouchSupport.framework/Versions/A/MultitouchSupport
0x00007fffa0dae000 	/System/Library/Frameworks/IOKit.framework/Versions/A/IOKit
0x00007fffb2df9000 	/usr/lib/libDiagnosticMessagesClient.dylib
0x00007fff9fc94000 	/System/Library/Frameworks/CoreServices.framework/Versions/A/CoreServices
0x00007fffaf361000 	/System/Library/PrivateFrameworks/PerformanceAnalysis.framework/Versions/A/PerformanceAnalysis
0x00007fffacde5000 	/System/Library/PrivateFrameworks/GenerationalStorage.framework/Versions/A/GenerationalStorage
0x00007fffa3e14000 	/System/Library/Frameworks/OpenGL.framework/Versions/A/OpenGL
0x00007fff9f8ec000 	/System/Library/Frameworks/CoreImage.framework/Versions/A/CoreImage
0x00007fffa03bd000 	/System/Library/Frameworks/CoreText.framework/Versions/A/CoreText
0x00007fffa0e9e000 	/System/Library/Frameworks/ImageIO.framework/Versions/A/ImageIO
0x00007fffa86d4000 	/System/Library/PrivateFrameworks/Backup.framework/Versions/A/Backup
0x00007fffb30a5000 	/usr/lib/libarchive.2.dylib
0x00007fff9df8b000 	/System/Library/Frameworks/CFNetwork.framework/Versions/A/CFNetwork
0x00007fffa580a000 	/System/Library/Frameworks/SystemConfiguration.framework/Versions/A/SystemConfiguration
0x00007fffb2d40000 	/usr/lib/libCRFSuite.dylib
0x00007fffb3172000 	/usr/lib/libc++.1.dylib
0x00007fffb31c9000 	/usr/lib/libc++abi.dylib
0x00007fffb4505000 	/usr/lib/system/libcache.dylib
0x00007fffb450a000 	/usr/lib/system/libcommonCrypto.dylib
0x00007fffb4515000 	/usr/lib/system/libcompiler_rt.dylib
0x00007fffb451d000 	/usr/lib/system/libcopyfile.dylib
0x00007fffb4526000 	/usr/lib/system/libcorecrypto.dylib
0x00007fffb45aa000 	/usr/lib/system/libdispatch.dylib
0x00007fffb45dc000 	/usr/lib/system/libdyld.dylib
0x00007fffb45e2000 	/usr/lib/system/libkeymgr.dylib
0x00007fffb45f0000 	/usr/lib/system/liblaunch.dylib
0x00007fffb45f1000 	/usr/lib/system/libmacho.dylib
0x00007fffb45f7000 	/usr/lib/system/libquarantine.dylib
0x00007fffb45fa000 	/usr/lib/system/libremovefile.dylib
0x00007fffb45fc000 	/usr/lib/system/libsystem_asl.dylib
0x00007fffb4615000 	/usr/lib/system/libsystem_blocks.dylib
0x00007fffb4616000 	/usr/lib/system/libsystem_c.dylib
0x00007fffb46a4000 	/usr/lib/system/libsystem_configuration.dylib
0x00007fffb46a8000 	/usr/lib/system/libsystem_coreservices.dylib
0x00007fffb46ac000 	/usr/lib/system/libsystem_coretls.dylib
0x00007fffb46c5000 	/usr/lib/system/libsystem_dnssd.dylib
0x00007fffb46cc000 	/usr/lib/system/libsystem_info.dylib
0x00007fffb46f6000 	/usr/lib/system/libsystem_kernel.dylib
0x00007fffb4719000 	/usr/lib/system/libsystem_m.dylib
0x00007fffb4761000 	/usr/lib/system/libsystem_malloc.dylib
0x00007fffb4780000 	/usr/lib/system/libsystem_network.dylib
0x00007fffb47da000 	/usr/lib/system/libsystem_networkextension.dylib
0x00007fffb47e4000 	/usr/lib/system/libsystem_notify.dylib
0x00007fffb47ee000 	/usr/lib/system/libsystem_platform.dylib
0x00007fffb47f7000 	/usr/lib/system/libsystem_pthread.dylib
0x00007fffb4802000 	/usr/lib/system/libsystem_sandbox.dylib
0x00007fffb4806000 	/usr/lib/system/libsystem_secinit.dylib
0x00007fffb4808000 	/usr/lib/system/libsystem_symptoms.dylib
0x00007fffb4810000 	/usr/lib/system/libsystem_trace.dylib
0x00007fffb4824000 	/usr/lib/system/libunwind.dylib
0x00007fffb482a000 	/usr/lib/system/libxpc.dylib
0x00007fffb3152000 	/usr/lib/libbsm.0.dylib
0x00007fffb45e3000 	/usr/lib/system/libkxld.dylib
0x00007fffb321b000 	/usr/lib/libcoretls.dylib
0x00007fffb321c000 	/usr/lib/libcoretls_cfhelpers.dylib
0x00007fffb3032000 	/usr/lib/libOpenScriptingUtil.dylib
0x00007fffb40bb000 	/usr/lib/libpam.2.dylib
0x00007fffb417a000 	/usr/lib/libsqlite3.dylib
0x00007fffb43bd000 	/usr/lib/libxar.1.dylib
0x00007fffb3163000 	/usr/lib/libbz2.1.0.dylib
0x00007fffb395f000 	/usr/lib/liblzma.5.dylib
0x00007fffb3c6b000 	/usr/lib/libnetwork.dylib
0x00007fffb40c0000 	/usr/lib/libpcap.A.dylib
0x00007fff9fff7000 	/System/Library/Frameworks/CoreServices.framework/Versions/A/Frameworks/FSEvents.framework/Versions/A/FSEvents
0x00007fff9fce7000 	/System/Library/Frameworks/CoreServices.framework/Versions/A/Frameworks/CarbonCore.framework/Versions/A/CarbonCore
0x00007fffa016d000 	/System/Library/Frameworks/CoreServices.framework/Versions/A/Frameworks/Metadata.framework/Versions/A/Metadata
0x00007fffa021e000 	/System/Library/Frameworks/CoreServices.framework/Versions/A/Frameworks/OSServices.framework/Versions/A/OSServices
0x00007fffa027e000 	/System/Library/Frameworks/CoreServices.framework/Versions/A/Frameworks/SearchKit.framework/Versions/A/SearchKit
0x00007fff9fc95000 	/System/Library/Frameworks/CoreServices.framework/Versions/A/Frameworks/AE.framework/Versions/A/AE
0x00007fffa0000000 	/System/Library/Frameworks/CoreServices.framework/Versions/A/Frameworks/LaunchServices.framework/Versions/A/LaunchServices
0x00007fff9ffc3000 	/System/Library/Frameworks/CoreServices.framework/Versions/A/Frameworks/DictionaryServices.framework/Versions/A/DictionaryServices
0x00007fffa02ef000 	/System/Library/Frameworks/CoreServices.framework/Versions/A/Frameworks/SharedFileList.framework/Versions/A/SharedFileList
0x00007fffa3038000 	/System/Library/Frameworks/NetFS.framework/Versions/A/NetFS
0x00007fffaea7e000 	/System/Library/PrivateFrameworks/NetAuth.framework/Versions/A/NetAuth
0x00007fffb2ce9000 	/System/Library/PrivateFrameworks/login.framework/Versions/A/Frameworks/loginsupport.framework/Versions/A/loginsupport
0x00007fffb18da000 	/System/Library/PrivateFrameworks/TCC.framework/Versions/A/TCC
0x00007fffb3990000 	/usr/lib/libmecabra.dylib
0x00007fff9d6f3000 	/System/Library/Frameworks/ApplicationServices.framework/Versions/A/Frameworks/ATS.framework/Versions/A/ATS
0x00007fff9da72000 	/System/Library/Frameworks/ApplicationServices.framework/Versions/A/Frameworks/ColorSync.framework/Versions/A/ColorSync
0x00007fff9db1d000 	/System/Library/Frameworks/ApplicationServices.framework/Versions/A/Frameworks/HIServices.framework/Versions/A/HIServices
0x00007fff9db6f000 	/System/Library/Frameworks/ApplicationServices.framework/Versions/A/Frameworks/LangAnalysis.framework/Versions/A/LangAnalysis
0x00007fff9db7f000 	/System/Library/Frameworks/ApplicationServices.framework/Versions/A/Frameworks/PrintCore.framework/Versions/A/PrintCore
0x00007fff9dbcd000 	/System/Library/Frameworks/ApplicationServices.framework/Versions/A/Frameworks/QD.framework/Versions/A/QD
0x00007fff9dc09000 	/System/Library/Frameworks/ApplicationServices.framework/Versions/A/Frameworks/SpeechSynthesis.framework/Versions/A/SpeechSynthesis
0x00007fff9b942000 	/System/Library/Frameworks/Accelerate.framework/Versions/A/Frameworks/vImage.framework/Versions/A/vImage
0x00007fff9c648000 	/System/Library/Frameworks/Accelerate.framework/Versions/A/Frameworks/vecLib.framework/Versions/A/vecLib
0x00007fff9c40d000 	/System/Library/Frameworks/Accelerate.framework/Versions/A/Frameworks/vecLib.framework/Versions/A/libvDSP.dylib
0x00007fff9bfce000 	/System/Library/Frameworks/Accelerate.framework/Versions/A/Frameworks/vecLib.framework/Versions/A/libBNNS.dylib
0x00007fff9c3f1000 	/System/Library/Frameworks/Accelerate.framework/Versions/A/Frameworks/vecLib.framework/Versions/A/libQuadrature.dylib
0x00007fff9c595000 	/System/Library/Frameworks/Accelerate.framework/Versions/A/Frameworks/vecLib.framework/Versions/A/libvMisc.dylib
0x00007fff9bfe3000 	/System/Library/Frameworks/Accelerate.framework/Versions/A/Frameworks/vecLib.framework/Versions/A/libLAPACK.dylib
0x00007fff9be5c000 	/System/Library/Frameworks/Accelerate.framework/Versions/A/Frameworks/vecLib.framework/Versions/A/libBLAS.dylib
0x00007fff9c3da000 	/System/Library/Frameworks/Accelerate.framework/Versions/A/Frameworks/vecLib.framework/Versions/A/libLinearAlgebra.dylib
0x00007fff9c3f8000 	/System/Library/Frameworks/Accelerate.framework/Versions/A/Frameworks/vecLib.framework/Versions/A/libSparseBLAS.dylib
0x00007fff9d7fb000 	/System/Library/Frameworks/ApplicationServices.framework/Versions/A/Frameworks/ATS.framework/Versions/A/Resources/libFontParser.dylib
0x00007fff9d92b000 	/System/Library/Frameworks/ApplicationServices.framework/Versions/A/Frameworks/ATS.framework/Versions/A/Resources/libFontRegistry.dylib
0x00007fffa10f5000 	/System/Library/Frameworks/ImageIO.framework/Versions/A/Resources/libJPEG.dylib
0x00007fffa1144000 	/System/Library/Frameworks/ImageIO.framework/Versions/A/Resources/libTIFF.dylib
0x00007fffa1119000 	/System/Library/Frameworks/ImageIO.framework/Versions/A/Resources/libPng.dylib
0x00007fffa0fff000 	/System/Library/Frameworks/ImageIO.framework/Versions/A/Resources/libGIF.dylib
0x00007fffa1004000 	/System/Library/Frameworks/ImageIO.framework/Versions/A/Resources/libJP2.dylib
0x00007fffa1141000 	/System/Library/Frameworks/ImageIO.framework/Versions/A/Resources/libRadiance.dylib
0x00007fffb3204000 	/usr/lib/libcompression.dylib
0x00007fffa8216000 	/System/Library/PrivateFrameworks/AppleJPEG.framework/Versions/A/AppleJPEG
0x00007fffb3559000 	/usr/lib/libcups.2.dylib
0x00007fffa1efb000 	/System/Library/Frameworks/Kerberos.framework/Versions/A/Kerberos
0x00007fffa0c19000 	/System/Library/Frameworks/GSS.framework/Versions/A/GSS
0x00007fffb410e000 	/usr/lib/libresolv.9.dylib
0x00007fffb363f000 	/usr/lib/libiconv.2.dylib
0x00007fffad512000 	/System/Library/PrivateFrameworks/Heimdal.framework/Versions/A/Heimdal
0x00007fffb3639000 	/usr/lib/libheimdal-asn1.dylib
0x00007fffa3289000 	/System/Library/Frameworks/OpenDirectory.framework/Versions/A/OpenDirectory
0x00007fffa9d29000 	/System/Library/PrivateFrameworks/CommonAuth.framework/Versions/A/CommonAuth
0x00007fffa326f000 	/System/Library/Frameworks/OpenDirectory.framework/Versions/A/Frameworks/CFOpenDirectory.framework/Versions/A/CFOpenDirectory
0x00007fffa53e0000 	/System/Library/Frameworks/SecurityFoundation.framework/Versions/A/SecurityFoundation
0x00007fffadcca000 	/System/Library/PrivateFrameworks/LanguageModeling.framework/Versions/A/LanguageModeling
0x00007fffb3979000 	/usr/lib/libmarisa.dylib
0x00007fffb2d5c000 	/usr/lib/libChineseTokenizer.dylib
0x00007fffb31f3000 	/usr/lib/libcmph.dylib
0x00007fffaa47b000 	/System/Library/PrivateFrameworks/CoreEmoji.framework/Versions/A/CoreEmoji
0x00007fffa5480000 	/System/Library/Frameworks/ServiceManagement.framework/Versions/A/ServiceManagement
0x00007fffb44bb000 	/usr/lib/libxslt.1.dylib
0x00007fff9e69a000 	/System/Library/Frameworks/Carbon.framework/Versions/A/Frameworks/Ink.framework/Versions/A/Ink
0x00007fffb196c000 	/System/Library/PrivateFrameworks/TextureIO.framework/Versions/A/TextureIO
0x00007fffa26f4000 	/System/Library/Frameworks/Metal.framework/Versions/A/Metal
0x00007fffb30d1000 	/usr/lib/libate.dylib
0x00007fffacb14000 	/System/Library/PrivateFrameworks/GPUCompiler.framework/libmetal_timestamp.dylib
0x00007fffa3298000 	/System/Library/Frameworks/OpenGL.framework/Versions/A/Libraries/libCoreFSCache.dylib
0x00007fffadba3000 	/System/Library/PrivateFrameworks/IOAccelerator.framework/Versions/A/IOAccelerator
0x00007fffa050b000 	/System/Library/Frameworks/CoreVideo.framework/Versions/A/CoreVideo
0x00007fffb2dfb000 	/usr/lib/libFosl_dynamic.dylib
0x00007fffae7a2000 	/System/Library/PrivateFrameworks/MetalPerformanceShaders.framework/Versions/A/MetalPerformanceShaders
0x00007fffab38c000 	/System/Library/PrivateFrameworks/FaceCore.framework/Versions/A/FaceCore
0x00007fffa3220000 	/System/Library/Frameworks/OpenCL.framework/Versions/A/OpenCL
0x00007fffa346b000 	/System/Library/Frameworks/OpenGL.framework/Versions/A/Libraries/libGLU.dylib
0x00007fffa32a1000 	/System/Library/Frameworks/OpenGL.framework/Versions/A/Libraries/libGFXShared.dylib
0x00007fffa32ab000 	/System/Library/Frameworks/OpenGL.framework/Versions/A/Libraries/libGL.dylib
0x00007fffa32b7000 	/System/Library/Frameworks/OpenGL.framework/Versions/A/Libraries/libGLImage.dylib
0x00007fffa3295000 	/System/Library/Frameworks/OpenGL.framework/Versions/A/Libraries/libCVMSPluginSupport.dylib
0x00007fffa329c000 	/System/Library/Frameworks/OpenGL.framework/Versions/A/Libraries/libCoreVMClient.dylib
0x00007fffaaddd000 	/System/Library/PrivateFrameworks/CrashReporterSupport.framework/Versions/A/CrashReporterSupport
0x00007fffb083c000 	/System/Library/PrivateFrameworks/Sharing.framework/Versions/A/Sharing
0x00007fffadbc1000 	/System/Library/PrivateFrameworks/IconServices.framework/Versions/A/IconServices
0x00007fffafa8a000 	/System/Library/PrivateFrameworks/ProtocolBuffer.framework/Versions/A/ProtocolBuffer
0x00007fffa80fa000 	/System/Library/PrivateFrameworks/Apple80211.framework/Versions/A/Apple80211
0x00007fffa0541000 	/System/Library/Frameworks/CoreWLAN.framework/Versions/A/CoreWLAN
0x00007fffaac57000 	/System/Library/PrivateFrameworks/CoreUtils.framework/Versions/A/CoreUtils
0x00007fffa0d0a000 	/System/Library/Frameworks/IOBluetooth.framework/Versions/A/IOBluetooth
0x00007fffaad77000 	/System/Library/PrivateFrameworks/CoreWiFi.framework/Versions/A/CoreWiFi
0x00007fff9ea11000 	/System/Library/Frameworks/CoreBluetooth.framework/Versions/A/CoreBluetooth
0x00007fff9ed21000 	/System/Library/Frameworks/CoreDisplay.framework/Versions/A/CoreDisplay
0x00007fffadbac000 	/System/Library/PrivateFrameworks/IOPresentment.framework/Versions/A/IOPresentment
0x00007fffaae68000 	/System/Library/PrivateFrameworks/DSExternalDisplay.framework/Versions/A/DSExternalDisplay
0x00007fffaaf53000 	/System/Library/PrivateFrameworks/DebugSymbols.framework/Versions/A/DebugSymbols
0x00007fffaaa87000 	/System/Library/PrivateFrameworks/CoreSymbolication.framework/Versions/A/CoreSymbolication
0x00007fffb1427000 	/System/Library/PrivateFrameworks/Symbolication.framework/Versions/A/Symbolication
0x00007fffa811d000 	/System/Library/PrivateFrameworks/AppleFSCompression.framework/Versions/A/AppleFSCompression
0x00007fffb0d2f000 	/System/Library/PrivateFrameworks/SpeechRecognitionCore.framework/Versions/A/SpeechRecognitionCore
0x00007fffa93dd000 	/System/Library/PrivateFrameworks/ChunkingLibrary.framework/Versions/A/ChunkingLibrary
0x000000010d400000 	/Library/Java/JavaVirtualMachines/jdk-9.0.1.jdk/Contents/Home/lib/server/libjvm.dylib
0x00007fffb4324000 	/usr/lib/libstdc++.6.dylib
0x000000010cb0b000 	/Library/Java/JavaVirtualMachines/jdk-9.0.1.jdk/Contents/Home/lib/libverify.dylib
0x000000010cb18000 	/Library/Java/JavaVirtualMachines/jdk-9.0.1.jdk/Contents/Home/lib/libjava.dylib
0x000000010cb4e000 	/Library/Java/JavaVirtualMachines/jdk-9.0.1.jdk/Contents/Home/lib/libjdwp.dylib
0x000000010cb8b000 	/Library/Java/JavaVirtualMachines/jdk-9.0.1.jdk/Contents/Home/lib/libinstrument.dylib
0x000000010cbe0000 	/Library/Java/JavaVirtualMachines/jdk-9.0.1.jdk/Contents/Home/lib/libzip.dylib
0x000000010cbe8000 	/Library/Java/JavaVirtualMachines/jdk-9.0.1.jdk/Contents/Home/lib/libjimage.dylib
0x0000000116456000 	/Library/Java/JavaVirtualMachines/jdk-9.0.1.jdk/Contents/Home/lib/libnio.dylib
0x0000000116466000 	/Library/Java/JavaVirtualMachines/jdk-9.0.1.jdk/Contents/Home/lib/./libnet.dylib
0x0000000116527000 	/Library/Java/JavaVirtualMachines/jdk-9.0.1.jdk/Contents/Home/lib/libdt_socket.dylib

VM Arguments:
jvm_args: -agentlib:jdwp=transport=dt_socket,address=127.0.0.1:57439,suspend=y,server=n -javaagent:/Users/akashvelu/Library/Caches/IdeaIC2017.3/captureAgent/debugger-agent.jar=/private/var/folders/ww/sjvd42dd3pb8sf9lnsznkczh0000gn/T/capture.props -Dfile.encoding=UTF-8 
java_command: Tester
java_class_path (initial): /Users/akashvelu/Desktop/Project_Code/Make24/out/production/Make24:/Applications/IntelliJ IDEA CE.app/Contents/lib/idea_rt.jar
Launcher Type: SUN_STANDARD

Logging:
Log output configuration:
#0: stdout all=warning uptime,level,tags
#1: stderr all=off uptime,level,tags

Environment Variables:
PATH=/usr/local/bin:/Users/akashvelu/anaconda/bin:/Library/Frameworks/Python.framework/Versions/3.6/bin:/Library/Frameworks/Python.framework/Versions/2.7/bin:/usr/local/bin:/usr/bin:/bin:/usr/sbin:/sbin:/Library/TeX/texbin
SHELL=/bin/bash

Signal Handlers:
SIGSEGV: [libjvm.dylib+0x73e2dc], sa_mask[0]=11111111011111110111111111111111, sa_flags=SA_ONSTACK|SA_RESTART|SA_SIGINFO
SIGBUS: [libjvm.dylib+0x73e2dc], sa_mask[0]=11111111011111110111111111111111, sa_flags=SA_RESTART|SA_SIGINFO
SIGFPE: [libjvm.dylib+0x73e2dc], sa_mask[0]=11111111011111110111111111111111, sa_flags=SA_RESTART|SA_SIGINFO
SIGPIPE: [libjvm.dylib+0x5f15ac], sa_mask[0]=11111111011111110111111111111111, sa_flags=SA_RESTART|SA_SIGINFO
SIGXFSZ: [libjvm.dylib+0x5f15ac], sa_mask[0]=11111111011111110111111111111111, sa_flags=SA_RESTART|SA_SIGINFO
SIGILL: [libjvm.dylib+0x73e2dc], sa_mask[0]=11111111011111110111111111111111, sa_flags=SA_RESTART|SA_SIGINFO
SIGUSR2: [libjvm.dylib+0x5f1e3c], sa_mask[0]=00100000000000000000000000000000, sa_flags=SA_RESTART|SA_SIGINFO
SIGHUP: [libjvm.dylib+0x5f0679], sa_mask[0]=11111111011111110111111111111111, sa_flags=SA_RESTART|SA_SIGINFO
SIGINT: [libjvm.dylib+0x5f0679], sa_mask[0]=11111111011111110111111111111111, sa_flags=SA_RESTART|SA_SIGINFO
SIGTERM: [libjvm.dylib+0x5f0679], sa_mask[0]=11111111011111110111111111111111, sa_flags=SA_RESTART|SA_SIGINFO
SIGQUIT: [libjvm.dylib+0x5f0679], sa_mask[0]=11111111011111110111111111111111, sa_flags=SA_RESTART|SA_SIGINFO


---------------  S Y S T E M  ---------------

OS:uname:Darwin 16.7.0 Darwin Kernel Version 16.7.0: Thu Jan 11 22:59:40 PST 2018; root:xnu-3789.73.8~1/RELEASE_X86_64 x86_64
rlimit: STACK 8192k, CORE 0k, NPROC 709, NOFILE 10240, AS infinity
load average:3.04 2.80 2.52

CPU:total 4 (initial active 4) (2 cores per cpu, 2 threads per core) family 6 model 142 stepping 9, cmov, cx8, fxsr, mmx, sse, sse2, sse3, ssse3, sse4.1, sse4.2, popcnt, avx, avx2, aes, clmul, erms, rtm, 3dnowpref, lzcnt, ht, tsc, tscinvbit, bmi1, bmi2, adx, fma

Memory: 4k page, physical 8388608k(287156k free)

vm_info: Java HotSpot(TM) 64-Bit Server VM (9.0.1+11) for bsd-amd64 JRE (9.0.1+11), built on Sep 28 2017 03:49:57 by "mach5one" with gcc 4.2.1 Compatible Apple LLVM 6.1.0 (clang-602.0.49)

END.
